<?xml version="1.0" encoding="UTF-8"?>
<!-- Generated by org.testng.reporters.JUnitReportReporter -->
<testsuite hostname="vasanths-MacBook-Pro.local" failures="0" tests="1" name="com.wallethub.wallethubTest.WalletHubReviewTest" time="72.669" errors="0" timestamp="2022-05-24T18:52:57 IST" skipped="0">
  <testcase classname="com.wallethub.wallethubTest.WalletHubReviewTest" name="walletHubReviewTest" time="72.669"/>
  <system-out/>
</testsuite> <!-- com.wallethub.wallethubTest.WalletHubReviewTest -->
