<?xml version="1.0" encoding="UTF-8"?>
<!-- Generated by org.testng.reporters.JUnitReportReporter -->
<testsuite hostname="vasanths-MacBook-Pro.local" failures="0" tests="1" name="com.wallethub.wallethubTest.FacebookLoginTest" time="23.343" errors="0" timestamp="2022-05-20T20:50:27 IST" skipped="0">
  <testcase classname="com.wallethub.wallethubTest.FacebookLoginTest" name="createNewCase" time="23.343"/>
  <system-out/>
</testsuite> <!-- com.wallethub.wallethubTest.FacebookLoginTest -->
